{"/home/runner/work/react-native-google-signin-modern/react-native-google-signin-modern/src/NativeGoogleSigninModern.ts": {"path":"/home/runner/work/react-native-google-signin-modern/react-native-google-signin-modern/src/NativeGoogleSigninModern.ts","statementMap":{},"fnMap":{},"branchMap":{},"s":{},"f":{},"b":{}}
,"/home/runner/work/react-native-google-signin-modern/react-native-google-signin-modern/src/index.tsx": {"path":"/home/runner/work/react-native-google-signin-modern/react-native-google-signin-modern/src/index.tsx","statementMap":{"0":{"start":{"line":27,"column":25},"end":{"line":27,"column":30}},"1":{"start":{"line":34,"column":4},"end":{"line":34,"column":30}},"2":{"start":{"line":41,"column":4},"end":{"line":41,"column":59}},"3":{"start":{"line":42,"column":4},"end":{"line":42,"column":29}},"4":{"start":{"line":49,"column":4},"end":{"line":49,"column":62}},"5":{"start":{"line":56,"column":4},"end":{"line":58,"column":5}},"6":{"start":{"line":57,"column":6},"end":{"line":57,"column":80}},"7":{"start":{"line":59,"column":25},"end":{"line":59,"column":58}},"8":{"start":{"line":62,"column":4},"end":{"line":70,"column":6}},"9":{"start":{"line":78,"column":4},"end":{"line":80,"column":5}},"10":{"start":{"line":79,"column":6},"end":{"line":79,"column":80}},"11":{"start":{"line":81,"column":25},"end":{"line":81,"column":66}},"12":{"start":{"line":84,"column":4},"end":{"line":92,"column":6}},"13":{"start":{"line":104,"column":4},"end":{"line":106,"column":5}},"14":{"start":{"line":105,"column":6},"end":{"line":105,"column":80}},"15":{"start":{"line":107,"column":4},"end":{"line":107,"column":48}},"16":{"start":{"line":114,"column":4},"end":{"line":116,"column":5}},"17":{"start":{"line":115,"column":6},"end":{"line":115,"column":55}},"18":{"start":{"line":117,"column":4},"end":{"line":117,"column":39}},"19":{"start":{"line":124,"column":4},"end":{"line":126,"column":5}},"20":{"start":{"line":125,"column":6},"end":{"line":125,"column":19}},"21":{"start":{"line":127,"column":4},"end":{"line":127,"column":49}},"22":{"start":{"line":131,"column":34},"end":{"line":131,"column":52}}},"fnMap":{"0":{"name":"(anonymous_0)","decl":{"start":{"line":33,"column":2},"end":{"line":33,"column":3}},"loc":{"start":{"line":33,"column":27},"end":{"line":35,"column":3}},"line":33},"1":{"name":"(anonymous_1)","decl":{"start":{"line":40,"column":2},"end":{"line":40,"column":3}},"loc":{"start":{"line":40,"column":61},"end":{"line":43,"column":3}},"line":40},"2":{"name":"(anonymous_2)","decl":{"start":{"line":48,"column":2},"end":{"line":48,"column":3}},"loc":{"start":{"line":48,"column":52},"end":{"line":50,"column":3}},"line":48},"3":{"name":"(anonymous_3)","decl":{"start":{"line":55,"column":2},"end":{"line":55,"column":3}},"loc":{"start":{"line":55,"column":46},"end":{"line":71,"column":3}},"line":55},"4":{"name":"(anonymous_4)","decl":{"start":{"line":77,"column":2},"end":{"line":77,"column":3}},"loc":{"start":{"line":77,"column":54},"end":{"line":93,"column":3}},"line":77},"5":{"name":"(anonymous_5)","decl":{"start":{"line":103,"column":2},"end":{"line":103,"column":3}},"loc":{"start":{"line":103,"column":49},"end":{"line":108,"column":3}},"line":103},"6":{"name":"(anonymous_6)","decl":{"start":{"line":113,"column":2},"end":{"line":113,"column":3}},"loc":{"start":{"line":113,"column":33},"end":{"line":118,"column":3}},"line":113},"7":{"name":"(anonymous_7)","decl":{"start":{"line":123,"column":2},"end":{"line":123,"column":3}},"loc":{"start":{"line":123,"column":39},"end":{"line":128,"column":3}},"line":123}},"branchMap":{"0":{"loc":{"start":{"line":56,"column":4},"end":{"line":58,"column":5}},"type":"if","locations":[{"start":{"line":56,"column":4},"end":{"line":58,"column":5}},{"start":{},"end":{}}],"line":56},"1":{"loc":{"start":{"line":66,"column":14},"end":{"line":66,"column":44}},"type":"binary-expr","locations":[{"start":{"line":66,"column":14},"end":{"line":66,"column":36}},{"start":{"line":66,"column":40},"end":{"line":66,"column":44}}],"line":66},"2":{"loc":{"start":{"line":68,"column":15},"end":{"line":68,"column":46}},"type":"binary-expr","locations":[{"start":{"line":68,"column":15},"end":{"line":68,"column":38}},{"start":{"line":68,"column":42},"end":{"line":68,"column":46}}],"line":68},"3":{"loc":{"start":{"line":78,"column":4},"end":{"line":80,"column":5}},"type":"if","locations":[{"start":{"line":78,"column":4},"end":{"line":80,"column":5}},{"start":{},"end":{}}],"line":78},"4":{"loc":{"start":{"line":88,"column":14},"end":{"line":88,"column":44}},"type":"binary-expr","locations":[{"start":{"line":88,"column":14},"end":{"line":88,"column":36}},{"start":{"line":88,"column":40},"end":{"line":88,"column":44}}],"line":88},"5":{"loc":{"start":{"line":90,"column":15},"end":{"line":90,"column":46}},"type":"binary-expr","locations":[{"start":{"line":90,"column":15},"end":{"line":90,"column":38}},{"start":{"line":90,"column":42},"end":{"line":90,"column":46}}],"line":90},"6":{"loc":{"start":{"line":104,"column":4},"end":{"line":106,"column":5}},"type":"if","locations":[{"start":{"line":104,"column":4},"end":{"line":106,"column":5}},{"start":{},"end":{}}],"line":104},"7":{"loc":{"start":{"line":114,"column":4},"end":{"line":116,"column":5}},"type":"if","locations":[{"start":{"line":114,"column":4},"end":{"line":116,"column":5}},{"start":{},"end":{}}],"line":114},"8":{"loc":{"start":{"line":124,"column":4},"end":{"line":126,"column":5}},"type":"if","locations":[{"start":{"line":124,"column":4},"end":{"line":126,"column":5}},{"start":{},"end":{}}],"line":124}},"s":{"0":3,"1":68,"2":55,"3":49,"4":4,"5":23,"6":1,"7":22,"8":9,"9":7,"10":1,"11":6,"12":2,"13":9,"14":1,"15":8,"16":4,"17":1,"18":3,"19":9,"20":1,"21":8,"22":3},"f":{"0":68,"1":55,"2":4,"3":23,"4":7,"5":9,"6":4,"7":9},"b":{"0":[1,22],"1":[9,1],"2":[9,1],"3":[1,6],"4":[2,0],"5":[2,0],"6":[1,8],"7":[1,3],"8":[1,8]},"_coverageSchema":"1a1c01bbd47fc00a2c39e90264f33305004495a9","hash":"af22c15504966d01be59a14538b4eb37a72eb9e4"}
}
