TN:
SF:src/NativeGoogleSigninModern.ts
FNF:0
FNH:0
LF:0
LH:0
BRF:0
BRH:0
end_of_record
TN:
SF:src/index.tsx
FN:33,(anonymous_0)
FN:40,(anonymous_1)
FN:48,(anonymous_2)
FN:55,(anonymous_3)
FN:77,(anonymous_4)
FN:103,(anonymous_5)
FN:113,(anonymous_6)
FN:123,(anonymous_7)
FNF:8
FNH:8
FNDA:68,(anonymous_0)
FNDA:55,(anonymous_1)
FNDA:4,(anonymous_2)
FNDA:23,(anonymous_3)
FNDA:7,(anonymous_4)
FNDA:9,(anonymous_5)
FNDA:4,(anonymous_6)
FNDA:9,(anonymous_7)
DA:27,3
DA:34,68
DA:41,55
DA:42,49
DA:49,4
DA:56,23
DA:57,1
DA:59,22
DA:62,9
DA:78,7
DA:79,1
DA:81,6
DA:84,2
DA:104,9
DA:105,1
DA:107,8
DA:114,4
DA:115,1
DA:117,3
DA:124,9
DA:125,1
DA:127,8
DA:131,3
LF:23
LH:23
BRDA:56,0,0,1
BRDA:56,0,1,22
BRDA:66,1,0,9
BRDA:66,1,1,1
BRDA:68,2,0,9
BRDA:68,2,1,1
BRDA:78,3,0,1
BRDA:78,3,1,6
BRDA:88,4,0,2
BRDA:88,4,1,0
BRDA:90,5,0,2
BRDA:90,5,1,0
BRDA:104,6,0,1
BRDA:104,6,1,8
BRDA:114,7,0,1
BRDA:114,7,1,3
BRDA:124,8,0,1
BRDA:124,8,1,8
BRF:18
BRH:16
end_of_record
